Active-HDL 15.0.261.9132 2025-12-29 23:34:56

Elaboration top modules:
Verilog Module                ID_stage_detailed_tb


-------------------------------------------------------------------------------------------
Verilog Module          | Library | Info | Compiler Version          | Compilation Options
-------------------------------------------------------------------------------------------
ID_stage_detailed_tb    | proj    |      | 15.0.261.9132 (Windows64) | -O2 -sv2k17
ID_stage                | proj    |      | 15.0.261.9132 (Windows64) | -O2 -sv2k17
control_unit            | proj    |      | 15.0.261.9132 (Windows64) | -O2 -sv2k17
RegisterFile            | proj    |      | 15.0.261.9132 (Windows64) | -O2 -sv2k17
extender                | proj    |      | 15.0.261.9132 (Windows64) | -O2 -sv2k17
pc_control              | proj    |      | 15.0.261.9132 (Windows64) | -O2 -sv2k17
Hazard_Unit             | proj    |      | 15.0.261.9132 (Windows64) | -O2 -sv2k17
-------------------------------------------------------------------------------------------

-------------------------------------------------------------------------------------------
Library                 | Comment
-------------------------------------------------------------------------------------------
proj                    | None
-------------------------------------------------------------------------------------------


Simulation Options: asim -O5 +access +w_nets +accb +accr +access +r +m+ID_stage_detailed_tb ID_stage_detailed_tb


The performance of simulation is reduced. Version Student Edition
